0;0x104b8;mv a5,a0
0;0x104ba;lw a0,0(a0);0x40008001f0
0;0x104bc;addi a4,zero,1
0;0x104be;sw a0,0(a1);0x4000800200
0;0x104c0;ble a2,a4,46 # 0x104ee
0;0x104c4;addiw a3,a2,-2
0;0x104c8;slli a4,a3,32
0;0x104cc;srli a3,a4,30
0;0x104d0;addi a2,a5,8
0;0x104d4;addi a4,a1,4
0;0x104d8;addi a5,a5,4
0;0x104da;add a3,a3,a2
0;0x104dc;lw a2,0(a5);0x40008001f4
0;0x104de;addi a4,a4,4
0;0x104e0;addi a5,a5,4
0;0x104e2;addw a0,a0,a2
0;0x104e4;sw a0,-4(a4);0x4000800204
0;0x104e8;bne a3,a5,-12 # 0x104dc
0;0x104dc;lw a2,0(a5);0x40008001f8
0;0x104de;addi a4,a4,4
0;0x104e0;addi a5,a5,4
0;0x104e2;addw a0,a0,a2
0;0x104e4;sw a0,-4(a4);0x4000800208
0;0x104e8;bne a3,a5,-12 # 0x104dc
0;0x104dc;lw a2,0(a5);0x40008001fc
0;0x104de;addi a4,a4,4
0;0x104e0;addi a5,a5,4
0;0x104e2;addw a0,a0,a2
0;0x104e4;sw a0,-4(a4);0x400080020c
0;0x104e8;bne a3,a5,-12 # 0x104dc
0;0x104ec;lw a0,0(a1);0x4000800200
0;0x104ee;ret 
