0;0x104ec;addi sp,sp,-16
0;0x104ee;sd s0,8(sp);0x4000800158
0;0x104f0;mv s0,a3
0;0x104f2;blez a0,76 # 0x1053e
0;0x104f6;slli a6,a0,2
0;0x104fa;mv t2,a0
0;0x104fc;mv t0,a2
0;0x104fe;mv t3,a1
0;0x10500;add a7,a1,a6
0;0x10504;mv t5,a3
0;0x10506;add t4,a2,a6
0;0x1050a;mv t6,zero
0;0x1050c;mv t1,t0
0;0x1050e;mv a0,t5
0;0x10510;lw a5,0(a0);0x40008001e0
0;0x10512;mv a2,t1
0;0x10514;mv a4,t3
0;0x10516;lw a1,0(a4);0x4000800160
0;0x10518;lw a3,0(a2);0x40008001a0
0;0x1051a;addi a4,a4,4
0;0x1051c;add a2,a2,a6
0;0x1051e;mulw a3,a3,a1
0;0x10522;addw a5,a5,a3
0;0x10524;sw a5,0(a0);0x40008001e0
0;0x10526;bne a7,a4,-16 # 0x10516
0;0x10516;lw a1,0(a4);0x4000800164
0;0x10518;lw a3,0(a2);0x40008001b0
0;0x1051a;addi a4,a4,4
0;0x1051c;add a2,a2,a6
0;0x1051e;mulw a3,a3,a1
0;0x10522;addw a5,a5,a3
0;0x10524;sw a5,0(a0);0x40008001e0
0;0x10526;bne a7,a4,-16 # 0x10516
0;0x10516;lw a1,0(a4);0x4000800168
0;0x10518;lw a3,0(a2);0x40008001c0
0;0x1051a;addi a4,a4,4
0;0x1051c;add a2,a2,a6
0;0x1051e;mulw a3,a3,a1
0;0x10522;addw a5,a5,a3
0;0x10524;sw a5,0(a0);0x40008001e0
0;0x10526;bne a7,a4,-16 # 0x10516
0;0x10516;lw a1,0(a4);0x400080016c
0;0x10518;lw a3,0(a2);0x40008001d0
0;0x1051a;addi a4,a4,4
0;0x1051c;add a2,a2,a6
0;0x1051e;mulw a3,a3,a1
0;0x10522;addw a5,a5,a3
0;0x10524;sw a5,0(a0);0x40008001e0
0;0x10526;bne a7,a4,-16 # 0x10516
0;0x1052a;addi t1,t1,4
0;0x1052c;addi a0,a0,4
0;0x1052e;bne t4,t1,-30 # 0x10510
0;0x10510;lw a5,0(a0);0x40008001e4
0;0x10512;mv a2,t1
0;0x10514;mv a4,t3
0;0x10516;lw a1,0(a4);0x4000800160
0;0x10518;lw a3,0(a2);0x40008001a4
0;0x1051a;addi a4,a4,4
0;0x1051c;add a2,a2,a6
0;0x1051e;mulw a3,a3,a1
0;0x10522;addw a5,a5,a3
0;0x10524;sw a5,0(a0);0x40008001e4
0;0x10526;bne a7,a4,-16 # 0x10516
0;0x10516;lw a1,0(a4);0x4000800164
0;0x10518;lw a3,0(a2);0x40008001b4
0;0x1051a;addi a4,a4,4
0;0x1051c;add a2,a2,a6
0;0x1051e;mulw a3,a3,a1
0;0x10522;addw a5,a5,a3
0;0x10524;sw a5,0(a0);0x40008001e4
0;0x10526;bne a7,a4,-16 # 0x10516
0;0x10516;lw a1,0(a4);0x4000800168
0;0x10518;lw a3,0(a2);0x40008001c4
0;0x1051a;addi a4,a4,4
0;0x1051c;add a2,a2,a6
0;0x1051e;mulw a3,a3,a1
0;0x10522;addw a5,a5,a3
0;0x10524;sw a5,0(a0);0x40008001e4
0;0x10526;bne a7,a4,-16 # 0x10516
0;0x10516;lw a1,0(a4);0x400080016c
0;0x10518;lw a3,0(a2);0x40008001d4
0;0x1051a;addi a4,a4,4
0;0x1051c;add a2,a2,a6
0;0x1051e;mulw a3,a3,a1
0;0x10522;addw a5,a5,a3
0;0x10524;sw a5,0(a0);0x40008001e4
0;0x10526;bne a7,a4,-16 # 0x10516
0;0x1052a;addi t1,t1,4
0;0x1052c;addi a0,a0,4
0;0x1052e;bne t4,t1,-30 # 0x10510
0;0x10510;lw a5,0(a0);0x40008001e8
0;0x10512;mv a2,t1
0;0x10514;mv a4,t3
0;0x10516;lw a1,0(a4);0x4000800160
0;0x10518;lw a3,0(a2);0x40008001a8
0;0x1051a;addi a4,a4,4
0;0x1051c;add a2,a2,a6
0;0x1051e;mulw a3,a3,a1
0;0x10522;addw a5,a5,a3
0;0x10524;sw a5,0(a0);0x40008001e8
0;0x10526;bne a7,a4,-16 # 0x10516
0;0x10516;lw a1,0(a4);0x4000800164
0;0x10518;lw a3,0(a2);0x40008001b8
0;0x1051a;addi a4,a4,4
0;0x1051c;add a2,a2,a6
0;0x1051e;mulw a3,a3,a1
0;0x10522;addw a5,a5,a3
0;0x10524;sw a5,0(a0);0x40008001e8
0;0x10526;bne a7,a4,-16 # 0x10516
0;0x10516;lw a1,0(a4);0x4000800168
0;0x10518;lw a3,0(a2);0x40008001c8
0;0x1051a;addi a4,a4,4
0;0x1051c;add a2,a2,a6
0;0x1051e;mulw a3,a3,a1
0;0x10522;addw a5,a5,a3
0;0x10524;sw a5,0(a0);0x40008001e8
0;0x10526;bne a7,a4,-16 # 0x10516
0;0x10516;lw a1,0(a4);0x400080016c
0;0x10518;lw a3,0(a2);0x40008001d8
0;0x1051a;addi a4,a4,4
0;0x1051c;add a2,a2,a6
0;0x1051e;mulw a3,a3,a1
0;0x10522;addw a5,a5,a3
0;0x10524;sw a5,0(a0);0x40008001e8
0;0x10526;bne a7,a4,-16 # 0x10516
0;0x1052a;addi t1,t1,4
0;0x1052c;addi a0,a0,4
0;0x1052e;bne t4,t1,-30 # 0x10510
0;0x10510;lw a5,0(a0);0x40008001ec
0;0x10512;mv a2,t1
0;0x10514;mv a4,t3
0;0x10516;lw a1,0(a4);0x4000800160
0;0x10518;lw a3,0(a2);0x40008001ac
0;0x1051a;addi a4,a4,4
0;0x1051c;add a2,a2,a6
0;0x1051e;mulw a3,a3,a1
0;0x10522;addw a5,a5,a3
0;0x10524;sw a5,0(a0);0x40008001ec
0;0x10526;bne a7,a4,-16 # 0x10516
0;0x10516;lw a1,0(a4);0x4000800164
0;0x10518;lw a3,0(a2);0x40008001bc
0;0x1051a;addi a4,a4,4
0;0x1051c;add a2,a2,a6
0;0x1051e;mulw a3,a3,a1
0;0x10522;addw a5,a5,a3
0;0x10524;sw a5,0(a0);0x40008001ec
0;0x10526;bne a7,a4,-16 # 0x10516
0;0x10516;lw a1,0(a4);0x4000800168
0;0x10518;lw a3,0(a2);0x40008001cc
0;0x1051a;addi a4,a4,4
0;0x1051c;add a2,a2,a6
0;0x1051e;mulw a3,a3,a1
0;0x10522;addw a5,a5,a3
0;0x10524;sw a5,0(a0);0x40008001ec
0;0x10526;bne a7,a4,-16 # 0x10516
0;0x10516;lw a1,0(a4);0x400080016c
0;0x10518;lw a3,0(a2);0x40008001dc
0;0x1051a;addi a4,a4,4
0;0x1051c;add a2,a2,a6
0;0x1051e;mulw a3,a3,a1
0;0x10522;addw a5,a5,a3
0;0x10524;sw a5,0(a0);0x40008001ec
0;0x10526;bne a7,a4,-16 # 0x10516
0;0x1052a;addi t1,t1,4
0;0x1052c;addi a0,a0,4
0;0x1052e;bne t4,t1,-30 # 0x10510
0;0x10532;addiw t6,t6,1
0;0x10534;add t3,t3,a6
0;0x10536;add a7,a7,a6
0;0x10538;add t5,t5,a6
0;0x1053a;bne t2,t6,-46 # 0x1050c
0;0x1050c;mv t1,t0
0;0x1050e;mv a0,t5
0;0x10510;lw a5,0(a0);0x40008001f0
0;0x10512;mv a2,t1
0;0x10514;mv a4,t3
0;0x10516;lw a1,0(a4);0x4000800170
0;0x10518;lw a3,0(a2);0x40008001a0
0;0x1051a;addi a4,a4,4
0;0x1051c;add a2,a2,a6
0;0x1051e;mulw a3,a3,a1
0;0x10522;addw a5,a5,a3
0;0x10524;sw a5,0(a0);0x40008001f0
0;0x10526;bne a7,a4,-16 # 0x10516
0;0x10516;lw a1,0(a4);0x4000800174
0;0x10518;lw a3,0(a2);0x40008001b0
0;0x1051a;addi a4,a4,4
0;0x1051c;add a2,a2,a6
0;0x1051e;mulw a3,a3,a1
0;0x10522;addw a5,a5,a3
0;0x10524;sw a5,0(a0);0x40008001f0
0;0x10526;bne a7,a4,-16 # 0x10516
0;0x10516;lw a1,0(a4);0x4000800178
0;0x10518;lw a3,0(a2);0x40008001c0
0;0x1051a;addi a4,a4,4
0;0x1051c;add a2,a2,a6
0;0x1051e;mulw a3,a3,a1
0;0x10522;addw a5,a5,a3
0;0x10524;sw a5,0(a0);0x40008001f0
0;0x10526;bne a7,a4,-16 # 0x10516
0;0x10516;lw a1,0(a4);0x400080017c
0;0x10518;lw a3,0(a2);0x40008001d0
0;0x1051a;addi a4,a4,4
0;0x1051c;add a2,a2,a6
0;0x1051e;mulw a3,a3,a1
0;0x10522;addw a5,a5,a3
0;0x10524;sw a5,0(a0);0x40008001f0
0;0x10526;bne a7,a4,-16 # 0x10516
0;0x1052a;addi t1,t1,4
0;0x1052c;addi a0,a0,4
0;0x1052e;bne t4,t1,-30 # 0x10510
0;0x10510;lw a5,0(a0);0x40008001f4
0;0x10512;mv a2,t1
0;0x10514;mv a4,t3
0;0x10516;lw a1,0(a4);0x4000800170
0;0x10518;lw a3,0(a2);0x40008001a4
0;0x1051a;addi a4,a4,4
0;0x1051c;add a2,a2,a6
0;0x1051e;mulw a3,a3,a1
0;0x10522;addw a5,a5,a3
0;0x10524;sw a5,0(a0);0x40008001f4
0;0x10526;bne a7,a4,-16 # 0x10516
0;0x10516;lw a1,0(a4);0x4000800174
0;0x10518;lw a3,0(a2);0x40008001b4
0;0x1051a;addi a4,a4,4
0;0x1051c;add a2,a2,a6
0;0x1051e;mulw a3,a3,a1
0;0x10522;addw a5,a5,a3
0;0x10524;sw a5,0(a0);0x40008001f4
0;0x10526;bne a7,a4,-16 # 0x10516
0;0x10516;lw a1,0(a4);0x4000800178
0;0x10518;lw a3,0(a2);0x40008001c4
0;0x1051a;addi a4,a4,4
0;0x1051c;add a2,a2,a6
0;0x1051e;mulw a3,a3,a1
0;0x10522;addw a5,a5,a3
0;0x10524;sw a5,0(a0);0x40008001f4
0;0x10526;bne a7,a4,-16 # 0x10516
0;0x10516;lw a1,0(a4);0x400080017c
0;0x10518;lw a3,0(a2);0x40008001d4
0;0x1051a;addi a4,a4,4
0;0x1051c;add a2,a2,a6
0;0x1051e;mulw a3,a3,a1
0;0x10522;addw a5,a5,a3
0;0x10524;sw a5,0(a0);0x40008001f4
0;0x10526;bne a7,a4,-16 # 0x10516
0;0x1052a;addi t1,t1,4
0;0x1052c;addi a0,a0,4
0;0x1052e;bne t4,t1,-30 # 0x10510
0;0x10510;lw a5,0(a0);0x40008001f8
0;0x10512;mv a2,t1
0;0x10514;mv a4,t3
0;0x10516;lw a1,0(a4);0x4000800170
0;0x10518;lw a3,0(a2);0x40008001a8
0;0x1051a;addi a4,a4,4
0;0x1051c;add a2,a2,a6
0;0x1051e;mulw a3,a3,a1
0;0x10522;addw a5,a5,a3
0;0x10524;sw a5,0(a0);0x40008001f8
0;0x10526;bne a7,a4,-16 # 0x10516
0;0x10516;lw a1,0(a4);0x4000800174
0;0x10518;lw a3,0(a2);0x40008001b8
0;0x1051a;addi a4,a4,4
0;0x1051c;add a2,a2,a6
0;0x1051e;mulw a3,a3,a1
0;0x10522;addw a5,a5,a3
0;0x10524;sw a5,0(a0);0x40008001f8
0;0x10526;bne a7,a4,-16 # 0x10516
0;0x10516;lw a1,0(a4);0x4000800178
0;0x10518;lw a3,0(a2);0x40008001c8
0;0x1051a;addi a4,a4,4
0;0x1051c;add a2,a2,a6
0;0x1051e;mulw a3,a3,a1
0;0x10522;addw a5,a5,a3
0;0x10524;sw a5,0(a0);0x40008001f8
0;0x10526;bne a7,a4,-16 # 0x10516
0;0x10516;lw a1,0(a4);0x400080017c
0;0x10518;lw a3,0(a2);0x40008001d8
0;0x1051a;addi a4,a4,4
0;0x1051c;add a2,a2,a6
0;0x1051e;mulw a3,a3,a1
0;0x10522;addw a5,a5,a3
0;0x10524;sw a5,0(a0);0x40008001f8
0;0x10526;bne a7,a4,-16 # 0x10516
0;0x1052a;addi t1,t1,4
0;0x1052c;addi a0,a0,4
0;0x1052e;bne t4,t1,-30 # 0x10510
0;0x10510;lw a5,0(a0);0x40008001fc
0;0x10512;mv a2,t1
0;0x10514;mv a4,t3
0;0x10516;lw a1,0(a4);0x4000800170
0;0x10518;lw a3,0(a2);0x40008001ac
0;0x1051a;addi a4,a4,4
0;0x1051c;add a2,a2,a6
0;0x1051e;mulw a3,a3,a1
0;0x10522;addw a5,a5,a3
0;0x10524;sw a5,0(a0);0x40008001fc
0;0x10526;bne a7,a4,-16 # 0x10516
0;0x10516;lw a1,0(a4);0x4000800174
0;0x10518;lw a3,0(a2);0x40008001bc
0;0x1051a;addi a4,a4,4
0;0x1051c;add a2,a2,a6
0;0x1051e;mulw a3,a3,a1
0;0x10522;addw a5,a5,a3
0;0x10524;sw a5,0(a0);0x40008001fc
0;0x10526;bne a7,a4,-16 # 0x10516
0;0x10516;lw a1,0(a4);0x4000800178
0;0x10518;lw a3,0(a2);0x40008001cc
0;0x1051a;addi a4,a4,4
0;0x1051c;add a2,a2,a6
0;0x1051e;mulw a3,a3,a1
0;0x10522;addw a5,a5,a3
0;0x10524;sw a5,0(a0);0x40008001fc
0;0x10526;bne a7,a4,-16 # 0x10516
0;0x10516;lw a1,0(a4);0x400080017c
0;0x10518;lw a3,0(a2);0x40008001dc
0;0x1051a;addi a4,a4,4
0;0x1051c;add a2,a2,a6
0;0x1051e;mulw a3,a3,a1
0;0x10522;addw a5,a5,a3
0;0x10524;sw a5,0(a0);0x40008001fc
0;0x10526;bne a7,a4,-16 # 0x10516
0;0x1052a;addi t1,t1,4
0;0x1052c;addi a0,a0,4
0;0x1052e;bne t4,t1,-30 # 0x10510
0;0x10532;addiw t6,t6,1
0;0x10534;add t3,t3,a6
0;0x10536;add a7,a7,a6
0;0x10538;add t5,t5,a6
0;0x1053a;bne t2,t6,-46 # 0x1050c
0;0x1050c;mv t1,t0
0;0x1050e;mv a0,t5
0;0x10510;lw a5,0(a0);0x4000800200
0;0x10512;mv a2,t1
0;0x10514;mv a4,t3
0;0x10516;lw a1,0(a4);0x4000800180
0;0x10518;lw a3,0(a2);0x40008001a0
0;0x1051a;addi a4,a4,4
0;0x1051c;add a2,a2,a6
0;0x1051e;mulw a3,a3,a1
0;0x10522;addw a5,a5,a3
0;0x10524;sw a5,0(a0);0x4000800200
0;0x10526;bne a7,a4,-16 # 0x10516
0;0x10516;lw a1,0(a4);0x4000800184
0;0x10518;lw a3,0(a2);0x40008001b0
0;0x1051a;addi a4,a4,4
0;0x1051c;add a2,a2,a6
0;0x1051e;mulw a3,a3,a1
0;0x10522;addw a5,a5,a3
0;0x10524;sw a5,0(a0);0x4000800200
0;0x10526;bne a7,a4,-16 # 0x10516
0;0x10516;lw a1,0(a4);0x4000800188
0;0x10518;lw a3,0(a2);0x40008001c0
0;0x1051a;addi a4,a4,4
0;0x1051c;add a2,a2,a6
0;0x1051e;mulw a3,a3,a1
0;0x10522;addw a5,a5,a3
0;0x10524;sw a5,0(a0);0x4000800200
0;0x10526;bne a7,a4,-16 # 0x10516
0;0x10516;lw a1,0(a4);0x400080018c
0;0x10518;lw a3,0(a2);0x40008001d0
0;0x1051a;addi a4,a4,4
0;0x1051c;add a2,a2,a6
0;0x1051e;mulw a3,a3,a1
0;0x10522;addw a5,a5,a3
0;0x10524;sw a5,0(a0);0x4000800200
0;0x10526;bne a7,a4,-16 # 0x10516
0;0x1052a;addi t1,t1,4
0;0x1052c;addi a0,a0,4
0;0x1052e;bne t4,t1,-30 # 0x10510
0;0x10510;lw a5,0(a0);0x4000800204
0;0x10512;mv a2,t1
0;0x10514;mv a4,t3
0;0x10516;lw a1,0(a4);0x4000800180
0;0x10518;lw a3,0(a2);0x40008001a4
0;0x1051a;addi a4,a4,4
0;0x1051c;add a2,a2,a6
0;0x1051e;mulw a3,a3,a1
0;0x10522;addw a5,a5,a3
0;0x10524;sw a5,0(a0);0x4000800204
0;0x10526;bne a7,a4,-16 # 0x10516
0;0x10516;lw a1,0(a4);0x4000800184
0;0x10518;lw a3,0(a2);0x40008001b4
0;0x1051a;addi a4,a4,4
0;0x1051c;add a2,a2,a6
0;0x1051e;mulw a3,a3,a1
0;0x10522;addw a5,a5,a3
0;0x10524;sw a5,0(a0);0x4000800204
0;0x10526;bne a7,a4,-16 # 0x10516
0;0x10516;lw a1,0(a4);0x4000800188
0;0x10518;lw a3,0(a2);0x40008001c4
0;0x1051a;addi a4,a4,4
0;0x1051c;add a2,a2,a6
0;0x1051e;mulw a3,a3,a1
0;0x10522;addw a5,a5,a3
0;0x10524;sw a5,0(a0);0x4000800204
0;0x10526;bne a7,a4,-16 # 0x10516
0;0x10516;lw a1,0(a4);0x400080018c
0;0x10518;lw a3,0(a2);0x40008001d4
0;0x1051a;addi a4,a4,4
0;0x1051c;add a2,a2,a6
0;0x1051e;mulw a3,a3,a1
0;0x10522;addw a5,a5,a3
0;0x10524;sw a5,0(a0);0x4000800204
0;0x10526;bne a7,a4,-16 # 0x10516
0;0x1052a;addi t1,t1,4
0;0x1052c;addi a0,a0,4
0;0x1052e;bne t4,t1,-30 # 0x10510
0;0x10510;lw a5,0(a0);0x4000800208
0;0x10512;mv a2,t1
0;0x10514;mv a4,t3
0;0x10516;lw a1,0(a4);0x4000800180
0;0x10518;lw a3,0(a2);0x40008001a8
0;0x1051a;addi a4,a4,4
0;0x1051c;add a2,a2,a6
0;0x1051e;mulw a3,a3,a1
0;0x10522;addw a5,a5,a3
0;0x10524;sw a5,0(a0);0x4000800208
0;0x10526;bne a7,a4,-16 # 0x10516
0;0x10516;lw a1,0(a4);0x4000800184
0;0x10518;lw a3,0(a2);0x40008001b8
0;0x1051a;addi a4,a4,4
0;0x1051c;add a2,a2,a6
0;0x1051e;mulw a3,a3,a1
0;0x10522;addw a5,a5,a3
0;0x10524;sw a5,0(a0);0x4000800208
0;0x10526;bne a7,a4,-16 # 0x10516
0;0x10516;lw a1,0(a4);0x4000800188
0;0x10518;lw a3,0(a2);0x40008001c8
0;0x1051a;addi a4,a4,4
0;0x1051c;add a2,a2,a6
0;0x1051e;mulw a3,a3,a1
0;0x10522;addw a5,a5,a3
0;0x10524;sw a5,0(a0);0x4000800208
0;0x10526;bne a7,a4,-16 # 0x10516
0;0x10516;lw a1,0(a4);0x400080018c
0;0x10518;lw a3,0(a2);0x40008001d8
0;0x1051a;addi a4,a4,4
0;0x1051c;add a2,a2,a6
0;0x1051e;mulw a3,a3,a1
0;0x10522;addw a5,a5,a3
0;0x10524;sw a5,0(a0);0x4000800208
0;0x10526;bne a7,a4,-16 # 0x10516
0;0x1052a;addi t1,t1,4
0;0x1052c;addi a0,a0,4
0;0x1052e;bne t4,t1,-30 # 0x10510
0;0x10510;lw a5,0(a0);0x400080020c
0;0x10512;mv a2,t1
0;0x10514;mv a4,t3
0;0x10516;lw a1,0(a4);0x4000800180
0;0x10518;lw a3,0(a2);0x40008001ac
0;0x1051a;addi a4,a4,4
0;0x1051c;add a2,a2,a6
0;0x1051e;mulw a3,a3,a1
0;0x10522;addw a5,a5,a3
0;0x10524;sw a5,0(a0);0x400080020c
0;0x10526;bne a7,a4,-16 # 0x10516
0;0x10516;lw a1,0(a4);0x4000800184
0;0x10518;lw a3,0(a2);0x40008001bc
0;0x1051a;addi a4,a4,4
0;0x1051c;add a2,a2,a6
0;0x1051e;mulw a3,a3,a1
0;0x10522;addw a5,a5,a3
0;0x10524;sw a5,0(a0);0x400080020c
0;0x10526;bne a7,a4,-16 # 0x10516
0;0x10516;lw a1,0(a4);0x4000800188
0;0x10518;lw a3,0(a2);0x40008001cc
0;0x1051a;addi a4,a4,4
0;0x1051c;add a2,a2,a6
0;0x1051e;mulw a3,a3,a1
0;0x10522;addw a5,a5,a3
0;0x10524;sw a5,0(a0);0x400080020c
0;0x10526;bne a7,a4,-16 # 0x10516
0;0x10516;lw a1,0(a4);0x400080018c
0;0x10518;lw a3,0(a2);0x40008001dc
0;0x1051a;addi a4,a4,4
0;0x1051c;add a2,a2,a6
0;0x1051e;mulw a3,a3,a1
0;0x10522;addw a5,a5,a3
0;0x10524;sw a5,0(a0);0x400080020c
0;0x10526;bne a7,a4,-16 # 0x10516
0;0x1052a;addi t1,t1,4
0;0x1052c;addi a0,a0,4
0;0x1052e;bne t4,t1,-30 # 0x10510
0;0x10532;addiw t6,t6,1
0;0x10534;add t3,t3,a6
0;0x10536;add a7,a7,a6
0;0x10538;add t5,t5,a6
0;0x1053a;bne t2,t6,-46 # 0x1050c
0;0x1050c;mv t1,t0
0;0x1050e;mv a0,t5
0;0x10510;lw a5,0(a0);0x4000800210
0;0x10512;mv a2,t1
0;0x10514;mv a4,t3
0;0x10516;lw a1,0(a4);0x4000800190
0;0x10518;lw a3,0(a2);0x40008001a0
0;0x1051a;addi a4,a4,4
0;0x1051c;add a2,a2,a6
0;0x1051e;mulw a3,a3,a1
0;0x10522;addw a5,a5,a3
0;0x10524;sw a5,0(a0);0x4000800210
0;0x10526;bne a7,a4,-16 # 0x10516
0;0x10516;lw a1,0(a4);0x4000800194
0;0x10518;lw a3,0(a2);0x40008001b0
0;0x1051a;addi a4,a4,4
0;0x1051c;add a2,a2,a6
0;0x1051e;mulw a3,a3,a1
0;0x10522;addw a5,a5,a3
0;0x10524;sw a5,0(a0);0x4000800210
0;0x10526;bne a7,a4,-16 # 0x10516
0;0x10516;lw a1,0(a4);0x4000800198
0;0x10518;lw a3,0(a2);0x40008001c0
0;0x1051a;addi a4,a4,4
0;0x1051c;add a2,a2,a6
0;0x1051e;mulw a3,a3,a1
0;0x10522;addw a5,a5,a3
0;0x10524;sw a5,0(a0);0x4000800210
0;0x10526;bne a7,a4,-16 # 0x10516
0;0x10516;lw a1,0(a4);0x400080019c
0;0x10518;lw a3,0(a2);0x40008001d0
0;0x1051a;addi a4,a4,4
0;0x1051c;add a2,a2,a6
0;0x1051e;mulw a3,a3,a1
0;0x10522;addw a5,a5,a3
0;0x10524;sw a5,0(a0);0x4000800210
0;0x10526;bne a7,a4,-16 # 0x10516
0;0x1052a;addi t1,t1,4
0;0x1052c;addi a0,a0,4
0;0x1052e;bne t4,t1,-30 # 0x10510
0;0x10510;lw a5,0(a0);0x4000800214
0;0x10512;mv a2,t1
0;0x10514;mv a4,t3
0;0x10516;lw a1,0(a4);0x4000800190
0;0x10518;lw a3,0(a2);0x40008001a4
0;0x1051a;addi a4,a4,4
0;0x1051c;add a2,a2,a6
0;0x1051e;mulw a3,a3,a1
0;0x10522;addw a5,a5,a3
0;0x10524;sw a5,0(a0);0x4000800214
0;0x10526;bne a7,a4,-16 # 0x10516
0;0x10516;lw a1,0(a4);0x4000800194
0;0x10518;lw a3,0(a2);0x40008001b4
0;0x1051a;addi a4,a4,4
0;0x1051c;add a2,a2,a6
0;0x1051e;mulw a3,a3,a1
0;0x10522;addw a5,a5,a3
0;0x10524;sw a5,0(a0);0x4000800214
0;0x10526;bne a7,a4,-16 # 0x10516
0;0x10516;lw a1,0(a4);0x4000800198
0;0x10518;lw a3,0(a2);0x40008001c4
0;0x1051a;addi a4,a4,4
0;0x1051c;add a2,a2,a6
0;0x1051e;mulw a3,a3,a1
0;0x10522;addw a5,a5,a3
0;0x10524;sw a5,0(a0);0x4000800214
0;0x10526;bne a7,a4,-16 # 0x10516
0;0x10516;lw a1,0(a4);0x400080019c
0;0x10518;lw a3,0(a2);0x40008001d4
0;0x1051a;addi a4,a4,4
0;0x1051c;add a2,a2,a6
0;0x1051e;mulw a3,a3,a1
0;0x10522;addw a5,a5,a3
0;0x10524;sw a5,0(a0);0x4000800214
0;0x10526;bne a7,a4,-16 # 0x10516
0;0x1052a;addi t1,t1,4
0;0x1052c;addi a0,a0,4
0;0x1052e;bne t4,t1,-30 # 0x10510
0;0x10510;lw a5,0(a0);0x4000800218
0;0x10512;mv a2,t1
0;0x10514;mv a4,t3
0;0x10516;lw a1,0(a4);0x4000800190
0;0x10518;lw a3,0(a2);0x40008001a8
0;0x1051a;addi a4,a4,4
0;0x1051c;add a2,a2,a6
0;0x1051e;mulw a3,a3,a1
0;0x10522;addw a5,a5,a3
0;0x10524;sw a5,0(a0);0x4000800218
0;0x10526;bne a7,a4,-16 # 0x10516
0;0x10516;lw a1,0(a4);0x4000800194
0;0x10518;lw a3,0(a2);0x40008001b8
0;0x1051a;addi a4,a4,4
0;0x1051c;add a2,a2,a6
0;0x1051e;mulw a3,a3,a1
0;0x10522;addw a5,a5,a3
0;0x10524;sw a5,0(a0);0x4000800218
0;0x10526;bne a7,a4,-16 # 0x10516
0;0x10516;lw a1,0(a4);0x4000800198
0;0x10518;lw a3,0(a2);0x40008001c8
0;0x1051a;addi a4,a4,4
0;0x1051c;add a2,a2,a6
0;0x1051e;mulw a3,a3,a1
0;0x10522;addw a5,a5,a3
0;0x10524;sw a5,0(a0);0x4000800218
0;0x10526;bne a7,a4,-16 # 0x10516
0;0x10516;lw a1,0(a4);0x400080019c
0;0x10518;lw a3,0(a2);0x40008001d8
0;0x1051a;addi a4,a4,4
0;0x1051c;add a2,a2,a6
0;0x1051e;mulw a3,a3,a1
0;0x10522;addw a5,a5,a3
0;0x10524;sw a5,0(a0);0x4000800218
0;0x10526;bne a7,a4,-16 # 0x10516
0;0x1052a;addi t1,t1,4
0;0x1052c;addi a0,a0,4
0;0x1052e;bne t4,t1,-30 # 0x10510
0;0x10510;lw a5,0(a0);0x400080021c
0;0x10512;mv a2,t1
0;0x10514;mv a4,t3
0;0x10516;lw a1,0(a4);0x4000800190
0;0x10518;lw a3,0(a2);0x40008001ac
0;0x1051a;addi a4,a4,4
0;0x1051c;add a2,a2,a6
0;0x1051e;mulw a3,a3,a1
0;0x10522;addw a5,a5,a3
0;0x10524;sw a5,0(a0);0x400080021c
0;0x10526;bne a7,a4,-16 # 0x10516
0;0x10516;lw a1,0(a4);0x4000800194
0;0x10518;lw a3,0(a2);0x40008001bc
0;0x1051a;addi a4,a4,4
0;0x1051c;add a2,a2,a6
0;0x1051e;mulw a3,a3,a1
0;0x10522;addw a5,a5,a3
0;0x10524;sw a5,0(a0);0x400080021c
0;0x10526;bne a7,a4,-16 # 0x10516
0;0x10516;lw a1,0(a4);0x4000800198
0;0x10518;lw a3,0(a2);0x40008001cc
0;0x1051a;addi a4,a4,4
0;0x1051c;add a2,a2,a6
0;0x1051e;mulw a3,a3,a1
0;0x10522;addw a5,a5,a3
0;0x10524;sw a5,0(a0);0x400080021c
0;0x10526;bne a7,a4,-16 # 0x10516
0;0x10516;lw a1,0(a4);0x400080019c
0;0x10518;lw a3,0(a2);0x40008001dc
0;0x1051a;addi a4,a4,4
0;0x1051c;add a2,a2,a6
0;0x1051e;mulw a3,a3,a1
0;0x10522;addw a5,a5,a3
0;0x10524;sw a5,0(a0);0x400080021c
0;0x10526;bne a7,a4,-16 # 0x10516
0;0x1052a;addi t1,t1,4
0;0x1052c;addi a0,a0,4
0;0x1052e;bne t4,t1,-30 # 0x10510
0;0x10532;addiw t6,t6,1
0;0x10534;add t3,t3,a6
0;0x10536;add a7,a7,a6
0;0x10538;add t5,t5,a6
0;0x1053a;bne t2,t6,-46 # 0x1050c
0;0x1053e;lw a0,0(s0);0x40008001e0
0;0x10540;ld s0,8(sp);0x4000800158
0;0x10542;addi sp,sp,16
0;0x10544;ret 
