0x10490 <main>:	addi	sp,sp,-96
0x10492 <main+2>:	sd	s0,88(sp)
0x10494 <main+4>:	addi	s0,sp,96
0x10496 <main+6>:	mv	a5,a0
0x10498 <main+8>:	sd	a1,-96(s0)
0x1049c <main+12>:	sw	a5,-84(s0)
0x104a0 <main+16>:	lui	a5,0x10
0x104a2 <main+18>:	addi	a5,a5,1520
0x104a6 <main+22>:	ld	a4,0(a5)
0x104a8 <main+24>:	sd	a4,-48(s0)
0x104ac <main+28>:	ld	a5,8(a5)
0x104ae <main+30>:	sd	a5,-40(s0)
0x104b2 <main+34>:	lui	a5,0x10
0x104b4 <main+36>:	addi	a5,a5,1536
0x104b8 <main+40>:	ld	a4,0(a5)
0x104ba <main+42>:	sd	a4,-64(s0)
0x104be <main+46>:	ld	a5,8(a5)
v0x104c0 <main+48>:	sd	a5,-56(s0)
0x104c4 <main+52>:	sd	zero,-80(s0)
0x104c8 <main+56>:	sd	zero,-72(s0)
0x104cc <main+60>:	sw	zero,-20(s0)
0x104d0 <main+64>:	j	0x1057c <main+236>
0x1057c <main+236>:	lw	a5,-20(s0)
0x10580 <main+240>:	sext.w	a4,a5
0x10584 <main+244>:	li	a5,1
0x10586 <main+246>:	bge	a5,a4,0x104d2 <main+66>
0x104d2 <main+66>:	sw	zero,-24(s0)
0x104d6 <main+70>:	j	0x10564 <main+212>
0x10564 <main+212>:	lw	a5,-24(s0)
0x10568 <main+216>:	sext.w	a4,a5
0x1056c <main+220>:	li	a5,1
0x1056e <main+222>:	bge	a5,a4,0x104d8 <main+72>
0x104d8 <main+72>:	sw	zero,-28(s0)
0x104dc <main+76>:	j	0x1054c <main+188>
0x1054c <main+188>:	lw	a5,-28(s0)
0x10550 <main+192>:	sext.w	a4,a5
0x10554 <main+196>:	li	a5,1
0x10556 <main+198>:	bge	a5,a4,0x104de <main+78>
0x104de <main+78>:	lw	a5,-24(s0)
0x104e2 <main+82>:	lw	a4,-20(s0)
0x104e6 <main+86>:	slli	a4,a4,0x1
0x104e8 <main+88>:	add	a5,a5,a4
0x104ea <main+90>:	slli	a5,a5,0x2
0x104ec <main+92>:	addi	a5,a5,-16
0x104ee <main+94>:	add	a5,a5,s0
0x104f0 <main+96>:	lw	a4,-64(a5)
0x104f4 <main+100>:	lw	a5,-28(s0)
0x104f8 <main+104>:	lw	a3,-20(s0)
0x104fc <main+108>:	slli	a3,a3,0x1
0x104fe <main+110>:	add	a5,a5,a3
0x10500 <main+112>:	slli	a5,a5,0x2
0x10502 <main+114>:	addi	a5,a5,-16
0x10504 <main+116>:	add	a5,a5,s0
0x10506 <main+118>:	lw	a3,-32(a5)
0x1050a <main+122>:	lw	a5,-24(s0)
0x1050e <main+126>:	lw	a2,-28(s0)
0x10512 <main+130>:	slli	a2,a2,0x1
0x10514 <main+132>:	add	a5,a5,a2
0x10516 <main+134>:	slli	a5,a5,0x2
0x10518 <main+136>:	addi	a5,a5,-16
0x1051a <main+138>:	add	a5,a5,s0
0x1051c <main+140>:	lw	a5,-48(a5)
0x10520 <main+144>:	mulw	a5,a3,a5
0x10524 <main+148>:	sext.w	a5,a5
0x10526 <main+150>:	addw	a5,a5,a4
0x10528 <main+152>:	sext.w	a4,a5
0x1052c <main+156>:	lw	a5,-24(s0)
0x10530 <main+160>:	lw	a3,-20(s0)
0x10534 <main+164>:	slli	a3,a3,0x1
0x10536 <main+166>:	add	a5,a5,a3
0x10538 <main+168>:	slli	a5,a5,0x2
0x1053a <main+170>:	addi	a5,a5,-16
0x1053c <main+172>:	add	a5,a5,s0
0x1053e <main+174>:	sw	a4,-64(a5)
0x10542 <main+178>:	lw	a5,-28(s0)
0x10546 <main+182>:	addiw	a5,a5,1
0x10548 <main+184>:	sw	a5,-28(s0)
0x1054c <main+188>:	lw	a5,-28(s0)
0x10550 <main+192>:	sext.w	a4,a5
0x10554 <main+196>:	li	a5,1
0x10556 <main+198>:	bge	a5,a4,0x104de <main+78>
0x104de <main+78>:	lw	a5,-24(s0)
0x104e2 <main+82>:	lw	a4,-20(s0)
0x104e6 <main+86>:	slli	a4,a4,0x1
0x104e8 <main+88>:	add	a5,a5,a4
0x104ea <main+90>:	slli	a5,a5,0x2
0x104ec <main+92>:	addi	a5,a5,-16
0x104ee <main+94>:	add	a5,a5,s0
0x104f0 <main+96>:	lw	a4,-64(a5)
0x104f4 <main+100>:	lw	a5,-28(s0)
0x104f8 <main+104>:	lw	a3,-20(s0)
0x104fc <main+108>:	slli	a3,a3,0x1
0x104fe <main+110>:	add	a5,a5,a3
0x10500 <main+112>:	slli	a5,a5,0x2
0x10502 <main+114>:	addi	a5,a5,-16
0x10504 <main+116>:	add	a5,a5,s0
0x10506 <main+118>:	lw	a3,-32(a5)
0x1050a <main+122>:	lw	a5,-24(s0)
0x1050e <main+126>:	lw	a2,-28(s0)
0x10512 <main+130>:	slli	a2,a2,0x1
0x10514 <main+132>:	add	a5,a5,a2
0x10516 <main+134>:	slli	a5,a5,0x2
0x10518 <main+136>:	addi	a5,a5,-16
0x1051a <main+138>:	add	a5,a5,s0
0x1051c <main+140>:	lw	a5,-48(a5)
0x10520 <main+144>:	mulw	a5,a3,a5
0x10524 <main+148>:	sext.w	a5,a5
0x10526 <main+150>:	addw	a5,a5,a4
0x10528 <main+152>:	sext.w	a4,a5
0x1052c <main+156>:	lw	a5,-24(s0)
0x10530 <main+160>:	lw	a3,-20(s0)
0x10534 <main+164>:	slli	a3,a3,0x1
0x10536 <main+166>:	add	a5,a5,a3
0x10538 <main+168>:	slli	a5,a5,0x2
0x1053a <main+170>:	addi	a5,a5,-16
0x1053c <main+172>:	add	a5,a5,s0
0x1053e <main+174>:	sw	a4,-64(a5)
0x10542 <main+178>:	lw	a5,-28(s0)
0x10546 <main+182>:	addiw	a5,a5,1
0x10548 <main+184>:	sw	a5,-28(s0)
0x1054c <main+188>:	lw	a5,-28(s0)
0x10550 <main+192>:	sext.w	a4,a5
0x10554 <main+196>:	li	a5,1
0x10556 <main+198>:	bge	a5,a4,0x104de <main+78>
0x1055a <main+202>:	lw	a5,-24(s0)
0x1055e <main+206>:	addiw	a5,a5,1
0x10560 <main+208>:	sw	a5,-24(s0)
0x10564 <main+212>:	lw	a5,-24(s0)
0x10568 <main+216>:	sext.w	a4,a5
0x1056c <main+220>:	li	a5,1
0x1056e <main+222>:	bge	a5,a4,0x104d8 <main+72>
0x104d8 <main+72>:	sw	zero,-28(s0)
0x104dc <main+76>:	j	0x1054c <main+188>
0x1054c <main+188>:	lw	a5,-28(s0)
0x10550 <main+192>:	sext.w	a4,a5
0x10554 <main+196>:	li	a5,1
0x10556 <main+198>:	bge	a5,a4,0x104de <main+78>
0x104de <main+78>:	lw	a5,-24(s0)
0x104e2 <main+82>:	lw	a4,-20(s0)
0x104e6 <main+86>:	slli	a4,a4,0x1
0x104e8 <main+88>:	add	a5,a5,a4
0x104ea <main+90>:	slli	a5,a5,0x2
0x104ec <main+92>:	addi	a5,a5,-16
0x104ee <main+94>:	add	a5,a5,s0
0x104f0 <main+96>:	lw	a4,-64(a5)
0x104f4 <main+100>:	lw	a5,-28(s0)
0x104f8 <main+104>:	lw	a3,-20(s0)
0x104fc <main+108>:	slli	a3,a3,0x1
0x104fe <main+110>:	add	a5,a5,a3
0x10500 <main+112>:	slli	a5,a5,0x2
0x10502 <main+114>:	addi	a5,a5,-16
0x10504 <main+116>:	add	a5,a5,s0
0x10506 <main+118>:	lw	a3,-32(a5)
0x1050a <main+122>:	lw	a5,-24(s0)
0x1050e <main+126>:	lw	a2,-28(s0)
0x10512 <main+130>:	slli	a2,a2,0x1
0x10514 <main+132>:	add	a5,a5,a2
0x10516 <main+134>:	slli	a5,a5,0x2
0x10518 <main+136>:	addi	a5,a5,-16
0x1051a <main+138>:	add	a5,a5,s0
0x1051c <main+140>:	lw	a5,-48(a5)
0x10520 <main+144>:	mulw	a5,a3,a5
0x10524 <main+148>:	sext.w	a5,a5
0x10526 <main+150>:	addw	a5,a5,a4
0x10528 <main+152>:	sext.w	a4,a5
0x1052c <main+156>:	lw	a5,-24(s0)
0x10530 <main+160>:	lw	a3,-20(s0)
0x10534 <main+164>:	slli	a3,a3,0x1
0x10536 <main+166>:	add	a5,a5,a3
0x10538 <main+168>:	slli	a5,a5,0x2
0x1053a <main+170>:	addi	a5,a5,-16
0x1053c <main+172>:	add	a5,a5,s0
0x1053e <main+174>:	sw	a4,-64(a5)
0x10542 <main+178>:	lw	a5,-28(s0)
0x10546 <main+182>:	addiw	a5,a5,1
0x10548 <main+184>:	sw	a5,-28(s0)
0x1054c <main+188>:	lw	a5,-28(s0)
0x10550 <main+192>:	sext.w	a4,a5
0x10554 <main+196>:	li	a5,1
0x10556 <main+198>:	bge	a5,a4,0x104de <main+78>
0x104de <main+78>:	lw	a5,-24(s0)
0x104e2 <main+82>:	lw	a4,-20(s0)
0x104e6 <main+86>:	slli	a4,a4,0x1
0x104e8 <main+88>:	add	a5,a5,a4
0x104ea <main+90>:	slli	a5,a5,0x2
0x104ec <main+92>:	addi	a5,a5,-16
0x104ee <main+94>:	add	a5,a5,s0
0x104f0 <main+96>:	lw	a4,-64(a5)
0x104f4 <main+100>:	lw	a5,-28(s0)
0x104f8 <main+104>:	lw	a3,-20(s0)
0x104fc <main+108>:	slli	a3,a3,0x1
0x104fe <main+110>:	add	a5,a5,a3
0x10500 <main+112>:	slli	a5,a5,0x2
0x10502 <main+114>:	addi	a5,a5,-16
0x10504 <main+116>:	add	a5,a5,s0
0x10506 <main+118>:	lw	a3,-32(a5)
0x1050a <main+122>:	lw	a5,-24(s0)
0x1050e <main+126>:	lw	a2,-28(s0)
0x10512 <main+130>:	slli	a2,a2,0x1
0x10514 <main+132>:	add	a5,a5,a2
0x10516 <main+134>:	slli	a5,a5,0x2
0x10518 <main+136>:	addi	a5,a5,-16
0x1051a <main+138>:	add	a5,a5,s0
0x1051c <main+140>:	lw	a5,-48(a5)
0x10520 <main+144>:	mulw	a5,a3,a5
0x10524 <main+148>:	sext.w	a5,a5
0x10526 <main+150>:	addw	a5,a5,a4
0x10528 <main+152>:	sext.w	a4,a5
0x1052c <main+156>:	lw	a5,-24(s0)
0x10530 <main+160>:	lw	a3,-20(s0)
0x10534 <main+164>:	slli	a3,a3,0x1
0x10536 <main+166>:	add	a5,a5,a3
0x10538 <main+168>:	slli	a5,a5,0x2
0x1053a <main+170>:	addi	a5,a5,-16
0x1053c <main+172>:	add	a5,a5,s0
0x1053e <main+174>:	sw	a4,-64(a5)
0x10542 <main+178>:	lw	a5,-28(s0)
0x10546 <main+182>:	addiw	a5,a5,1
0x10548 <main+184>:	sw	a5,-28(s0)
0x1054c <main+188>:	lw	a5,-28(s0)
0x10550 <main+192>:	sext.w	a4,a5
0x10554 <main+196>:	li	a5,1
0x10556 <main+198>:	bge	a5,a4,0x104de <main+78>
0x1055a <main+202>:	lw	a5,-24(s0)
0x1055e <main+206>:	addiw	a5,a5,1
0x10560 <main+208>:	sw	a5,-24(s0)
0x10564 <main+212>:	lw	a5,-24(s0)
0x10568 <main+216>:	sext.w	a4,a5
0x1056c <main+220>:	li	a5,1
0x1056e <main+222>:	bge	a5,a4,0x104d8 <main+72>
0x10572 <main+226>:	lw	a5,-20(s0)
0x10576 <main+230>:	addiw	a5,a5,1
0x10578 <main+232>:	sw	a5,-20(s0)
0x1057c <main+236>:	lw	a5,-20(s0)
0x10580 <main+240>:	sext.w	a4,a5
0x10584 <main+244>:	li	a5,1
0x10586 <main+246>:	bge	a5,a4,0x104d2 <main+66>
0x104d2 <main+66>:	sw	zero,-24(s0)
0x104d6 <main+70>:	j	0x10564 <main+212>
0x10564 <main+212>:	lw	a5,-24(s0)
0x10568 <main+216>:	sext.w	a4,a5
0x1056c <main+220>:	li	a5,1
0x1056e <main+222>:	bge	a5,a4,0x104d8 <main+72>
0x104d8 <main+72>:	sw	zero,-28(s0)
0x104dc <main+76>:	j	0x1054c <main+188>
0x1054c <main+188>:	lw	a5,-28(s0)
0x10550 <main+192>:	sext.w	a4,a5
0x10554 <main+196>:	li	a5,1
0x10556 <main+198>:	bge	a5,a4,0x104de <main+78>
0x104de <main+78>:	lw	a5,-24(s0)
0x104e2 <main+82>:	lw	a4,-20(s0)
0x104e6 <main+86>:	slli	a4,a4,0x1
0x104e8 <main+88>:	add	a5,a5,a4
0x104ea <main+90>:	slli	a5,a5,0x2
0x104ec <main+92>:	addi	a5,a5,-16
0x104ee <main+94>:	add	a5,a5,s0
0x104f0 <main+96>:	lw	a4,-64(a5)
0x104f4 <main+100>:	lw	a5,-28(s0)
0x104f8 <main+104>:	lw	a3,-20(s0)
0x104fc <main+108>:	slli	a3,a3,0x1
0x104fe <main+110>:	add	a5,a5,a3
0x10500 <main+112>:	slli	a5,a5,0x2
0x10502 <main+114>:	addi	a5,a5,-16
0x10504 <main+116>:	add	a5,a5,s0
0x10506 <main+118>:	lw	a3,-32(a5)
0x1050a <main+122>:	lw	a5,-24(s0)
0x1050e <main+126>:	lw	a2,-28(s0)
0x10512 <main+130>:	slli	a2,a2,0x1
0x10514 <main+132>:	add	a5,a5,a2
0x10516 <main+134>:	slli	a5,a5,0x2
0x10518 <main+136>:	addi	a5,a5,-16
0x1051a <main+138>:	add	a5,a5,s0
0x1051c <main+140>:	lw	a5,-48(a5)
0x10520 <main+144>:	mulw	a5,a3,a5
0x10524 <main+148>:	sext.w	a5,a5
0x10526 <main+150>:	addw	a5,a5,a4
0x10528 <main+152>:	sext.w	a4,a5
0x1052c <main+156>:	lw	a5,-24(s0)
0x10530 <main+160>:	lw	a3,-20(s0)
0x10534 <main+164>:	slli	a3,a3,0x1
0x10536 <main+166>:	add	a5,a5,a3
0x10538 <main+168>:	slli	a5,a5,0x2
0x1053a <main+170>:	addi	a5,a5,-16
0x1053c <main+172>:	add	a5,a5,s0
0x1053e <main+174>:	sw	a4,-64(a5)
0x10542 <main+178>:	lw	a5,-28(s0)
0x10546 <main+182>:	addiw	a5,a5,1
0x10548 <main+184>:	sw	a5,-28(s0)
0x1054c <main+188>:	lw	a5,-28(s0)
0x10550 <main+192>:	sext.w	a4,a5
0x10554 <main+196>:	li	a5,1
0x10556 <main+198>:	bge	a5,a4,0x104de <main+78>
0x104de <main+78>:	lw	a5,-24(s0)
0x104e2 <main+82>:	lw	a4,-20(s0)
0x104e6 <main+86>:	slli	a4,a4,0x1
0x104e8 <main+88>:	add	a5,a5,a4
0x104ea <main+90>:	slli	a5,a5,0x2
0x104ec <main+92>:	addi	a5,a5,-16
0x104ee <main+94>:	add	a5,a5,s0
0x104f0 <main+96>:	lw	a4,-64(a5)
0x104f4 <main+100>:	lw	a5,-28(s0)
0x104f8 <main+104>:	lw	a3,-20(s0)
0x104fc <main+108>:	slli	a3,a3,0x1
0x104fe <main+110>:	add	a5,a5,a3
0x10500 <main+112>:	slli	a5,a5,0x2
0x10502 <main+114>:	addi	a5,a5,-16
0x10504 <main+116>:	add	a5,a5,s0
0x10506 <main+118>:	lw	a3,-32(a5)
0x1050a <main+122>:	lw	a5,-24(s0)
0x1050e <main+126>:	lw	a2,-28(s0)
0x10512 <main+130>:	slli	a2,a2,0x1
0x10514 <main+132>:	add	a5,a5,a2
0x10516 <main+134>:	slli	a5,a5,0x2
0x10518 <main+136>:	addi	a5,a5,-16
0x1051a <main+138>:	add	a5,a5,s0
0x1051c <main+140>:	lw	a5,-48(a5)
0x10520 <main+144>:	mulw	a5,a3,a5
0x10524 <main+148>:	sext.w	a5,a5
0x10526 <main+150>:	addw	a5,a5,a4
0x10528 <main+152>:	sext.w	a4,a5
0x1052c <main+156>:	lw	a5,-24(s0)
0x10530 <main+160>:	lw	a3,-20(s0)
0x10534 <main+164>:	slli	a3,a3,0x1
0x10536 <main+166>:	add	a5,a5,a3
0x10538 <main+168>:	slli	a5,a5,0x2
0x1053a <main+170>:	addi	a5,a5,-16
0x1053c <main+172>:	add	a5,a5,s0
0x1053e <main+174>:	sw	a4,-64(a5)
0x10542 <main+178>:	lw	a5,-28(s0)
0x10546 <main+182>:	addiw	a5,a5,1
0x10548 <main+184>:	sw	a5,-28(s0)
0x1054c <main+188>:	lw	a5,-28(s0)
0x10550 <main+192>:	sext.w	a4,a5
0x10554 <main+196>:	li	a5,1
0x10556 <main+198>:	bge	a5,a4,0x104de <main+78>
0x1055a <main+202>:	lw	a5,-24(s0)
0x1055e <main+206>:	addiw	a5,a5,1
0x10560 <main+208>:	sw	a5,-24(s0)
0x10564 <main+212>:	lw	a5,-24(s0)
0x10568 <main+216>:	sext.w	a4,a5
0x1056c <main+220>:	li	a5,1
0x1056e <main+222>:	bge	a5,a4,0x104d8 <main+72>
0x104d8 <main+72>:	sw	zero,-28(s0)
0x104dc <main+76>:	j	0x1054c <main+188>
0x1054c <main+188>:	lw	a5,-28(s0)
0x10550 <main+192>:	sext.w	a4,a5
0x10554 <main+196>:	li	a5,1
0x10556 <main+198>:	bge	a5,a4,0x104de <main+78>
0x104de <main+78>:	lw	a5,-24(s0)
0x104e2 <main+82>:	lw	a4,-20(s0)
0x104e6 <main+86>:	slli	a4,a4,0x1
0x104e8 <main+88>:	add	a5,a5,a4
0x104ea <main+90>:	slli	a5,a5,0x2
0x104ec <main+92>:	addi	a5,a5,-16
0x104ee <main+94>:	add	a5,a5,s0
0x104f0 <main+96>:	lw	a4,-64(a5)
0x104f4 <main+100>:	lw	a5,-28(s0)
0x104f8 <main+104>:	lw	a3,-20(s0)
0x104fc <main+108>:	slli	a3,a3,0x1
0x104fe <main+110>:	add	a5,a5,a3
0x10500 <main+112>:	slli	a5,a5,0x2
0x10502 <main+114>:	addi	a5,a5,-16
0x10504 <main+116>:	add	a5,a5,s0
0x10506 <main+118>:	lw	a3,-32(a5)
0x1050a <main+122>:	lw	a5,-24(s0)
0x1050e <main+126>:	lw	a2,-28(s0)
0x10512 <main+130>:	slli	a2,a2,0x1
0x10514 <main+132>:	add	a5,a5,a2
0x10516 <main+134>:	slli	a5,a5,0x2
0x10518 <main+136>:	addi	a5,a5,-16
0x1051a <main+138>:	add	a5,a5,s0
0x1051c <main+140>:	lw	a5,-48(a5)
0x10520 <main+144>:	mulw	a5,a3,a5
0x10524 <main+148>:	sext.w	a5,a5
0x10526 <main+150>:	addw	a5,a5,a4
0x10528 <main+152>:	sext.w	a4,a5
0x1052c <main+156>:	lw	a5,-24(s0)
0x10530 <main+160>:	lw	a3,-20(s0)
0x10534 <main+164>:	slli	a3,a3,0x1
0x10536 <main+166>:	add	a5,a5,a3
0x10538 <main+168>:	slli	a5,a5,0x2
0x1053a <main+170>:	addi	a5,a5,-16
0x1053c <main+172>:	add	a5,a5,s0
0x1053e <main+174>:	sw	a4,-64(a5)
0x10542 <main+178>:	lw	a5,-28(s0)
0x10546 <main+182>:	addiw	a5,a5,1
0x10548 <main+184>:	sw	a5,-28(s0)
0x1054c <main+188>:	lw	a5,-28(s0)
0x10550 <main+192>:	sext.w	a4,a5
0x10554 <main+196>:	li	a5,1
0x10556 <main+198>:	bge	a5,a4,0x104de <main+78>
0x104de <main+78>:	lw	a5,-24(s0)
0x104e2 <main+82>:	lw	a4,-20(s0)
0x104e6 <main+86>:	slli	a4,a4,0x1
0x104e8 <main+88>:	add	a5,a5,a4
0x104ea <main+90>:	slli	a5,a5,0x2
0x104ec <main+92>:	addi	a5,a5,-16
0x104ee <main+94>:	add	a5,a5,s0
0x104f0 <main+96>:	lw	a4,-64(a5)
0x104f4 <main+100>:	lw	a5,-28(s0)
0x104f8 <main+104>:	lw	a3,-20(s0)
0x104fc <main+108>:	slli	a3,a3,0x1
0x104fe <main+110>:	add	a5,a5,a3
0x10500 <main+112>:	slli	a5,a5,0x2
0x10502 <main+114>:	addi	a5,a5,-16
0x10504 <main+116>:	add	a5,a5,s0
0x10506 <main+118>:	lw	a3,-32(a5)
0x1050a <main+122>:	lw	a5,-24(s0)
0x1050e <main+126>:	lw	a2,-28(s0)
0x10512 <main+130>:	slli	a2,a2,0x1
0x10514 <main+132>:	add	a5,a5,a2
0x10516 <main+134>:	slli	a5,a5,0x2
0x10518 <main+136>:	addi	a5,a5,-16
0x1051a <main+138>:	add	a5,a5,s0
0x1051c <main+140>:	lw	a5,-48(a5)
0x10520 <main+144>:	mulw	a5,a3,a5
0x10524 <main+148>:	sext.w	a5,a5
0x10526 <main+150>:	addw	a5,a5,a4
0x10528 <main+152>:	sext.w	a4,a5
0x1052c <main+156>:	lw	a5,-24(s0)
0x10530 <main+160>:	lw	a3,-20(s0)
0x10534 <main+164>:	slli	a3,a3,0x1
0x10536 <main+166>:	add	a5,a5,a3
0x10538 <main+168>:	slli	a5,a5,0x2
0x1053a <main+170>:	addi	a5,a5,-16
0x1053c <main+172>:	add	a5,a5,s0
0x1053e <main+174>:	sw	a4,-64(a5)
0x10542 <main+178>:	lw	a5,-28(s0)
0x10546 <main+182>:	addiw	a5,a5,1
0x10548 <main+184>:	sw	a5,-28(s0)
0x1054c <main+188>:	lw	a5,-28(s0)
0x10550 <main+192>:	sext.w	a4,a5
0x10554 <main+196>:	li	a5,1
0x10556 <main+198>:	bge	a5,a4,0x104de <main+78>
0x1055a <main+202>:	lw	a5,-24(s0)
0x1055e <main+206>:	addiw	a5,a5,1
0x10560 <main+208>:	sw	a5,-24(s0)
0x10564 <main+212>:	lw	a5,-24(s0)
0x10568 <main+216>:	sext.w	a4,a5
0x1056c <main+220>:	li	a5,1
0x1056e <main+222>:	bge	a5,a4,0x104d8 <main+72>
0x10572 <main+226>:	lw	a5,-20(s0)
0x10576 <main+230>:	addiw	a5,a5,1
0x10578 <main+232>:	sw	a5,-20(s0)
0x1057c <main+236>:	lw	a5,-20(s0)
0x10580 <main+240>:	sext.w	a4,a5
0x10584 <main+244>:	li	a5,1
0x10586 <main+246>:	bge	a5,a4,0x104d2 <main+66>
0x1058a <main+250>:	li	a5,0
0x1058c <main+252>:	mv	a0,a5
0x1058e <main+254>:	ld	s0,88(sp)
0x10590 <main+256>:	addi	sp,sp,96
0x10592 <main+258>:	ret
0x400083e74c <__libc_start_main+134>:	jal	ra,0x400084f2a6 <__GI_exit>
